package:/system/priv-app/CtsShimPrivPrebuilt/CtsShimPrivPrebuilt.apk=com.android.cts.priv.ctsshim
package:/data/app/com.google.android.youtube-1/base.apk=com.google.android.youtube
package:/product/app/HwCamera2/HwCamera2.apk=com.huawei.camera
package:/system/priv-app/GoogleExtServices/GoogleExtServices.apk=com.google.android.ext.services
package:/system/app/HwLauncher6/HwLauncher6.apk=com.huawei.android.launcher
package:/data/app/com.android.mediacenter-1/base.apk=com.android.mediacenter
package:/system/app/CotaDecompressService/CotaDecompressService.apk=com.huawei.android.CotaDecompressService
package:/system/priv-app/TelephonyProvider/TelephonyProvider.apk=com.android.providers.telephony
package:/system/app/HwInternetAudioService/HwInternetAudioService.apk=com.huawei.internetaudioservice
package:/data/app/com.truecaller-2/base.apk=com.truecaller
package:/data/app/com.google.android.googlequicksearchbox-1/base.apk=com.google.android.googlequicksearchbox
package:/system/priv-app/CalendarProvider/CalendarProvider.apk=com.android.providers.calendar
package:/data/app/com.alibaba.aliexpresshd-1/base.apk=com.alibaba.aliexpresshd
package:/data/app/com.huawei.health-1/base.apk=com.huawei.health
package:/data/app/com.huawei.hidisk-2/base.apk=com.huawei.hidisk
package:/cust/hw/meafnaf/app/FirstBootGetCityInfo/FirstBootGetCityInfo.apk=com.huawei.firstbootinfo
package:/system/app/HwIAware/HwIAware.apk=com.huawei.iaware
package:/system/app/HwBluetoothImport/HwBluetoothImport.apk=com.huawei.bluetooth
package:/system/priv-app/MediaProvider/MediaProvider.apk=com.android.providers.media
package:/system/app/SwiftKey/SwiftKey.apk=com.touchtype.swiftkey
package:/data/app/com.google.android.apps.docs.editors.docs-1/base.apk=com.google.android.apps.docs.editors.docs
package:/system/app/HwThemeManager/HwThemeManager.apk=com.huawei.android.thememanager
package:/system/priv-app/HwChrService/HwChrService.apk=com.huawei.android.chr
package:/data/app/com.huawei.android.hsf-1/base.apk=com.huawei.android.hsf
package:/system/priv-app/GoogleOneTimeInitializer/GoogleOneTimeInitializer.apk=com.google.android.onetimeinitializer
package:/system/app/GoogleExtShared/GoogleExtShared.apk=com.google.android.ext.shared
package:/cust/hw/meafnaf/app/AutoInStallAPKFromMcc/AutoInStallAPKFromMcc.apk=com.huawei.autoinstallapkfrommcc
package:/data/app/com.niksoftware.snapseed-1/base.apk=com.niksoftware.snapseed
package:/system/priv-app/WallpaperCropper/WallpaperCropper.apk=com.android.wallpapercropper
package:/vendor/app/CNEService/CNEService.apk=com.quicinc.cne.CNEService
package:/system/app/HwNearby/HwNearby.apk=com.huawei.nearby
package:/system/app/HwFloatTasks/HwFloatTasks.apk=com.huawei.android.FloatTasks
package:/data/app/com.shanga.walli-1/base.apk=com.shanga.walli
package:/system/priv-app/HwMotionRecognition/HwMotionRecognition.apk=com.huawei.motionservice
package:/system/app/SmartcardService/SmartcardService.apk=org.simalliance.openmobileapi.service
package:/data/app/com.huawei.appmarket-1/base.apk=com.huawei.appmarket
package:/system/priv-app/DocumentsUI/DocumentsUI.apk=com.android.documentsui
package:/data/app/com.quora.android-2/base.apk=com.quora.android
package:/system/priv-app/ExternalStorageProvider/ExternalStorageProvider.apk=com.android.externalstorage
package:/product/app/HwFMRadio/HwFMRadio.apk=com.huawei.android.FMRadio
package:/system/app/HTMLViewer/HTMLViewer.apk=com.android.htmlviewer
package:/data/app/com.whatsapp-1/base.apk=com.whatsapp
package:/system/priv-app/MmsService/MmsService.apk=com.android.mms.service
package:/data/app/com.google.android.apps.docs.editors.sheets-1/base.apk=com.google.android.apps.docs.editors.sheets
package:/system/priv-app/HwWeatherClock/HwWeatherClock.apk=com.huawei.android.totemweather
package:/data/app/com.google.android.apps.docs.editors.slides-2/base.apk=com.google.android.apps.docs.editors.slides
package:/system/priv-app/DownloadProvider/DownloadProvider.apk=com.android.providers.downloads
package:/data/app/au.com.shiftyjelly.pocketcasts-2/base.apk=au.com.shiftyjelly.pocketcasts
package:/data/app/com.discord-2/base.apk=com.discord
package:/cust/hw/meafnaf/app/HwPhoneService/HwPhoneService.apk=com.huawei.phoneservice
package:/system/priv-app/HwScreenRecorder/HwScreenRecorder.apk=com.huawei.screenrecorder
package:/cust/hw/meafnaf/app/ChromeHomePage/ChromeHomePage.apk=com.android.partnerbrowsercustomizations.tmobile
package:/system/app/HwVideoEditor/HwVideoEditor.apk=com.huawei.videoeditor
package:/system/app/HwSecurityMgrService/HwSecurityMgrService.apk=com.huawei.securitymgr
package:/data/app/com.tafayor.killall-1/base.apk=com.tafayor.killall
package:/system/priv-app/ConfigUpdater/ConfigUpdater.apk=com.google.android.configupdater
package:/system/app/HwSoundRecorder/HwSoundRecorder.apk=com.android.soundrecorder
package:/system/app/iConnect/iConnect.apk=com.huawei.iconnect
package:/data/app/com.huawei.KoBackup-1/base.apk=com.huawei.KoBackup
package:/system/priv-app/DefaultContainerService/DefaultContainerService.apk=com.android.defcontainer
package:/data/app/ma.inwi.win-1/base.apk=ma.inwi.win
package:/system/app/DownloadProviderUi/DownloadProviderUi.apk=com.android.providers.downloads.ui
package:/data/app/com.android.vending-2/base.apk=com.android.vending
package:/system/app/PacProcessor/PacProcessor.apk=com.android.pacprocessor
package:/data/app/com.b3g.cih.online-1/base.apk=com.b3g.cih.online
package:/data/app/com.microsoft.skydrive-1/base.apk=com.microsoft.skydrive
package:/system/framework/framework-res-hwext.apk=androidhwext
package:/data/app/com.tencent.ig-1/base.apk=com.tencent.ig
package:/system/app/CertInstaller/CertInstaller.apk=com.android.certinstaller
package:/system/priv-app/CarrierConfig/CarrierConfig.apk=com.android.carrierconfig
package:/data/app/com.google.android.marvin.talkback-1/base.apk=com.google.android.marvin.talkback
package:/data/app/com.reddit.frontpage-1/base.apk=com.reddit.frontpage
package:/system/framework/framework-res.apk=android
package:/system/app/HwIMonitor/HwIMonitor.apk=com.huawei.imonitor
package:/data/app/com.huawei.hwid-1/base.apk=com.huawei.hwid
package:/system/priv-app/Contacts/Contacts.apk=com.android.contacts
package:/data/app/org.mozilla.fennec_aurora-1/base.apk=org.mozilla.fennec_aurora
package:/data/app/com.amazon.aws.console.mobile-1/base.apk=com.amazon.aws.console.mobile
package:/data/app/com.microsoft.launcher-1/base.apk=com.microsoft.launcher
package:/system/priv-app/Mms/Mms.apk=com.android.mms
package:/system/priv-app/MtpDocumentsProvider/MtpDocumentsProvider.apk=com.android.mtp
package:/system/app/Stk/Stk.apk=com.android.stk
package:/system/priv-app/BackupRestoreConfirmation/BackupRestoreConfirmation.apk=com.android.backupconfirm
package:/data/app/com.instagram.android-1/base.apk=com.instagram.android
package:/system/app/HuaweiShare/HuaweiShare.apk=com.huawei.android.instantshare
package:/system/app/HwIndexSearchObserverService/HwIndexSearchObserverService.apk=com.huawei.indexsearch.observer
package:/data/app/com.orange.meditel.mediteletmoi-2/base.apk=com.orange.meditel.mediteletmoi
package:/system/app/HwTrustAgent/HwTrustAgent.apk=com.huawei.trustagent
package:/vendor/app/ims/ims.apk=org.codeaurora.ims
package:/system/priv-app/StatementService/StatementService.apk=com.android.statementservice
package:/system/priv-app/HwIndexSearchService/HwIndexSearchService.apk=com.huawei.indexsearch
package:/data/app/com.google.android.gm-2/base.apk=com.google.android.gm
package:/system/app/Duo/Duo.apk=com.google.android.apps.tachyon
package:/system/app/HwResolver/HwResolver.apk=com.huawei.android.internal.app
package:/data/app/com.microsoft.emmx-2/base.apk=com.microsoft.emmx
package:/data/hw_init/version/special_cust/TRT-L21A/hw/meafnaf/app/HwFidoAsm/HwFidoAsm.apk=com.huawei.hwasm
package:/cust/hw/meafnaf/app/OMACP/OMACP.apk=com.huawei.omacp
package:/system/priv-app/Calendar/Calendar.apk=com.android.calendar
package:/system/app/HwWifiproBqeService/HwWifiproBqeService.apk=com.huawei.wifiprobqeservice
package:/data/app/com.google.android.instantapps.supervisor-1/base.apk=com.google.android.instantapps.supervisor
package:/data/app/com.microsoft.office.outlook-2/base.apk=com.microsoft.office.outlook
package:/system/priv-app/SetupWizard/SetupWizard.apk=com.google.android.setupwizard
package:/vendor/app/qcrilmsgtunnel/qcrilmsgtunnel.apk=com.qualcomm.qcrilmsgtunnel
package:/system/priv-app/SettingsProvider/SettingsProvider.apk=com.android.providers.settings
package:/system/priv-app/SharedStorageBackup/SharedStorageBackup.apk=com.android.sharedstoragebackup
package:/data/app/com.google.android.music-2/base.apk=com.google.android.music
package:/system/app/PrintSpooler/PrintSpooler.apk=com.android.printspooler
package:/product/overlay/frameworkResOverlay.apk=com.android.frameworkres.overlay
package:/system/app/BasicDreams/BasicDreams.apk=com.android.dreams.basic
package:/data/app/com.infvpn.express-2/base.apk=com.infvpn.express
package:/system/priv-app/InCallUI/InCallUI.apk=com.android.incallui
package:/system/priv-app/HwSystemManager/HwSystemManager.apk=com.huawei.systemmanager
package:/system/priv-app/InputDevices/InputDevices.apk=com.android.inputdevices
package:/data/app/com.smholsen.sleeptimerallmedia-1/base.apk=com.smholsen.sleeptimerallmedia
package:/vendor/app/dpmserviceapp/dpmserviceapp.apk=com.qti.dpmserviceapp
package:/data/app/com.twitter.android-2/base.apk=com.twitter.android
package:/data/app/com.google.android.apps.docs-2/base.apk=com.google.android.apps.docs
package:/data/app/com.google.android.apps.maps-1/base.apk=com.google.android.apps.maps
package:/data/app/io.github.hidroh.materialistic-1/base.apk=io.github.hidroh.materialistic
package:/system/priv-app/CellBroadcastReceiver/CellBroadcastReceiver.apk=com.android.cellbroadcastreceiver
package:/data/app/com.stackexchange.stackoverflow-1/base.apk=com.stackexchange.stackoverflow
package:/system/app/WebViewGoogle/WebViewGoogle.apk=com.google.android.webview
package:/system/app/HwMultiScreenShot/HwMultiScreenShot.apk=com.huawei.HwMultiScreenShot
package:/system/app/HwVAssistant/HwVAssistant.apk=com.huawei.vassistant
package:/system/priv-app/Telecom/Telecom.apk=com.android.server.telecom
package:/system/app/GoogleContactsSyncAdapter/GoogleContactsSyncAdapter.apk=com.google.android.syncadapters.contacts
package:/data/app/com.server.auditor.ssh.client-2/base.apk=com.server.auditor.ssh.client
package:/system/priv-app/HwNotePad/HwNotePad.apk=com.example.android.notepad
package:/system/app/KeyChain/KeyChain.apk=com.android.keychain
package:/system/app/HwMagazine/HwMagazine.apk=com.android.keyguard
package:/data/app/com.android.chrome-2/base.apk=com.android.chrome
package:/vendor/app/RCSBootstraputil/RCSBootstraputil.apk=com.qualcomm.qti.rcsbootstraputil
package:/system/priv-app/Gallery2/Gallery2.apk=com.android.gallery3d
package:/system/priv-app/GooglePackageInstaller/GooglePackageInstaller.apk=com.google.android.packageinstaller
package:/system/app/WatchSync/WatchSync.apk=com.huawei.watch.sync
package:/data/app/com.google.android.gms-1/base.apk=com.google.android.gms
package:/system/priv-app/GoogleServicesFramework/GoogleServicesFramework.apk=com.google.android.gsf
package:/data/app/com.google.android.tts-1/base.apk=com.google.android.tts
package:/system/priv-app/HwStartupGuide/HwStartupGuide.apk=com.huawei.hwstartupguide
package:/system/priv-app/CallLogBackup/CallLogBackup.apk=com.android.calllogbackup
package:/system/priv-app/GooglePartnerSetup/GooglePartnerSetup.apk=com.google.android.partnersetup
package:/data/hw_init/version/special_cust/TRT-L21A/hw/meafnaf/app/HwFidoClient/HwFidoClient.apk=com.huawei.fido.uafclient
package:/system/app/Videos/Videos.apk=com.google.android.videos
package:/system/priv-app/ProxyHandler/ProxyHandler.apk=com.android.proxyhandler
package:/system/app/MirrorShare/MirrorShare.apk=com.huawei.android.mirrorshare
package:/system/priv-app/GoogleFeedback/GoogleFeedback.apk=com.google.android.feedback
package:/system/app/GooglePrintRecommendationService/GooglePrintRecommendationService.apk=com.google.android.printservice.recommendation
package:/data/app/com.google.android.apps.photos-2/base.apk=com.google.android.apps.photos
package:/data/app/com.turner.pocketmorties-1/base.apk=com.turner.pocketmorties
package:/data/app/com.llamalab.automate-2/base.apk=com.llamalab.automate
package:/system/app/GoogleCalendarSyncAdapter/GoogleCalendarSyncAdapter.apk=com.google.android.syncadapters.calendar
package:/system/priv-app/ManagedProvisioning/ManagedProvisioning.apk=com.android.managedprovisioning
package:/system/app/SwiftKeyFactorySettings/SwiftKeyFactorySettings.apk=com.swiftkey.swiftkeyconfigurator
package:/data/app/com.huawei.himovie-2/base.apk=com.huawei.himovie
package:/data/app/com.huawei.hisuite-1/base.apk=com.huawei.hisuite
package:/system/app/PhotoTable/PhotoTable.apk=com.android.dreams.phototable
package:/data/app/com.facebook.katana-1/base.apk=com.facebook.katana
package:/data/app/com.aon.manga.global-1/base.apk=com.aon.manga.global
package:/system/priv-app/HWCardManager/HWCardManager.apk=com.huawei.android.dsdscardmanager
package:/system/app/PartnerBookmarksProvider/PartnerBookmarksProvider.apk=com.android.providers.partnerbookmarks
package:/system/app/HwAps/HwAps.apk=com.huawei.android.hwaps
package:/cust/hw/meafnaf/app/HwOUC/HwOUC.apk=com.huawei.android.hwouc
package:/system/priv-app/GoogleLoginService/GoogleLoginService.apk=com.google.android.gsf.login
package:/system/app/HwWiFiDirect/HwWiFiDirect.apk=com.huawei.android.wfdft
package:/data/app/net.simplyadvanced.ltediscovery-1/base.apk=net.simplyadvanced.ltediscovery
package:/system/app/LiveWallpapersPicker/LiveWallpapersPicker.apk=com.android.wallpaper.livepicker
package:/system/app/HwMMITest/HwMMITest.apk=com.huawei.mmitest
package:/system/priv-app/Tag/Tag.apk=com.android.apps.tag
package:/data/app/com.facebook.orca-2/base.apk=com.facebook.orca
package:/system/app/HwPowerGenieEngine3/HwPowerGenieEngine3.apk=com.huawei.powergenie
package:/data/app/com.faultexception.reader-1/base.apk=com.faultexception.reader
package:/data/hw_init/version/special_cust/TRT-L21A/hw/meafnaf/app/Installer/Installer.apk=com.facebook.system
package:/data/app/com.google.android.apps.translate-2/base.apk=com.google.android.apps.translate
package:/system/priv-app/GoogleBackupTransport/GoogleBackupTransport.apk=com.google.android.backuptransport
package:/system/app/HwInstantOnline/HwInstantOnline.apk=com.huawei.android.instantonline
package:/data/app/eu.thedarken.sdm-1/base.apk=eu.thedarken.sdm
package:/data/app/net.xnano.android.sshserver-1/base.apk=net.xnano.android.sshserver
package:/system/app/BookmarkProvider/BookmarkProvider.apk=com.android.bookmarkprovider
package:/data/app/com.linkedin.android-2/base.apk=com.linkedin.android
package:/system/priv-app/Settings/Settings.apk=com.android.settings
package:/vendor/app/imssettings/imssettings.apk=com.qualcomm.qti.ims
package:/data/app/com.bigos.androdumpper-1/base.apk=com.bigos.androdumpper
package:/system/app/Calculator/Calculator.apk=com.android.calculator2
package:/data/app/com.google.android.apps.books-1/base.apk=com.google.android.apps.books
package:/system/app/HwProjectMenu/HwProjectMenu.apk=com.huawei.android.projectmenu
package:/vendor/app/com.qualcomm.location/com.qualcomm.location.apk=com.qualcomm.location
package:/system/app/CtsShimPrebuilt/CtsShimPrebuilt.apk=com.android.cts.ctsshim
package:/data/hw_init/version/special_cust/TRT-L21A/hw/meafnaf/app/HwSarControlService/HwSarControlService.apk=com.huawei.sarcontrolservice
package:/cust/hw/meafnaf/app/HwPushService/HwPushService.apk=com.huawei.android.pushagent
package:/vendor/app/QtiTetherService/QtiTetherService.apk=com.qualcomm.qti.tetherservice
package:/data/app/pl.idreams.SkyForceReloaded2016-1/base.apk=pl.idreams.SkyForceReloaded2016
package:/system/priv-app/GeofenceLocation/GeofenceLocation.apk=com.huawei.geofence
package:/system/priv-app/VpnDialogs/VpnDialogs.apk=com.android.vpndialogs
package:/system/app/HwHealthMidware/HwHealthMidware.apk=com.huawei.ihealth
package:/data/app/com.soundcloud.android-2/base.apk=com.soundcloud.android
package:/system/app/HwARService/HwARService.apk=com.huawei.android.location.activityrecognition
package:/data/app/com.google.android.keep-2/base.apk=com.google.android.keep
package:/system/priv-app/Email/Email.apk=com.android.email
package:/system/priv-app/TeleService/TeleService.apk=com.android.phone
package:/system/priv-app/Shell/Shell.apk=com.android.shell
package:/system/app/WallpaperBackup/WallpaperBackup.apk=com.android.wallpaperbackup
package:/system/priv-app/BlockedNumberProvider/BlockedNumberProvider.apk=com.android.providers.blockednumber
package:/system/app/UserDictionaryProvider/UserDictionaryProvider.apk=com.android.providers.userdictionary
package:/cust/hw/meafnaf/app/PredefinedEapSim/PredefinedEapSim.apk=com.huawei.wifieapsimplmn
package:/system/priv-app/EmergencyInfo/EmergencyInfo.apk=com.android.emergency
package:/data/app/com.ideashower.readitlater.pro-1/base.apk=com.ideashower.readitlater.pro
package:/system/priv-app/HwScanner/HwScanner.apk=com.huawei.scanner
package:/system/priv-app/FusedLocation/FusedLocation.apk=com.android.location.fused
package:/system/app/HwDeskClock/HwDeskClock.apk=com.android.deskclock
package:/system/priv-app/SystemUI/SystemUI.apk=com.android.systemui
package:/system/priv-app/Exchange2/Exchange2.apk=com.android.exchange
package:/system/app/BluetoothMidiService/BluetoothMidiService.apk=com.android.bluetoothmidiservice
package:/data/hw_init/version/special_cust/TRT-L21A/hw/meafnaf/app/Appmanager/Appmanager.apk=com.facebook.appmanager
package:/data/app/com.huawei.hwdetectrepair-1/base.apk=com.huawei.hwdetectrepair
package:/data/app/cm.aptoide.pt-2/base.apk=cm.aptoide.pt
package:/cust/hw/meafnaf/app/HwUserExperience/HwUserExperience.apk=com.huawei.bd
package:/data/app/com.google.android.play.games-2/base.apk=com.google.android.play.games
package:/system/app/Bluetooth/Bluetooth.apk=com.android.bluetooth
package:/vendor/app/TimeService/TimeService.apk=com.qualcomm.timeservice
package:/vendor/app/atfwd/atfwd.apk=com.qualcomm.atfwd
package:/system/priv-app/ContactsProvider/ContactsProvider.apk=com.android.providers.contacts
package:/system/app/CaptivePortalLogin/CaptivePortalLogin.apk=com.android.captiveportallogin
package:/data/app/com.google.android.inputmethod.latin-1/base.apk=com.google.android.inputmethod.latin
